Determining if files io.h exist failed with the following output:
Change Dir: /root/gromacs-mo833a/build_release/CMakeFiles/CMakeTmp

Run Build Command(s):/usr/bin/make cmTC_3f1e9/fast && /usr/bin/make -f CMakeFiles/cmTC_3f1e9.dir/build.make CMakeFiles/cmTC_3f1e9.dir/build
make[1]: Entering directory '/root/gromacs-mo833a/build_release/CMakeFiles/CMakeTmp'
Building C object CMakeFiles/cmTC_3f1e9.dir/HAVE_IO_H.c.o
/usr/bin/cc    -o CMakeFiles/cmTC_3f1e9.dir/HAVE_IO_H.c.o   -c /root/gromacs-mo833a/build_release/CMakeFiles/CheckIncludeFiles/HAVE_IO_H.c
/root/gromacs-mo833a/build_release/CMakeFiles/CheckIncludeFiles/HAVE_IO_H.c:2:10: fatal error: io.h: No such file or directory
    2 | #include <io.h>
      |          ^~~~~~
compilation terminated.
make[1]: *** [CMakeFiles/cmTC_3f1e9.dir/build.make:66: CMakeFiles/cmTC_3f1e9.dir/HAVE_IO_H.c.o] Error 1
make[1]: Leaving directory '/root/gromacs-mo833a/build_release/CMakeFiles/CMakeTmp'
make: *** [Makefile:121: cmTC_3f1e9/fast] Error 2


Source:
/* */
#include <io.h>


int main(void){return 0;}

Determining if the _fileno exist failed with the following output:
Change Dir: /root/gromacs-mo833a/build_release/CMakeFiles/CMakeTmp

Run Build Command(s):/usr/bin/make cmTC_0a6af/fast && /usr/bin/make -f CMakeFiles/cmTC_0a6af.dir/build.make CMakeFiles/cmTC_0a6af.dir/build
make[1]: Entering directory '/root/gromacs-mo833a/build_release/CMakeFiles/CMakeTmp'
Building CXX object CMakeFiles/cmTC_0a6af.dir/CheckSymbolExists.cxx.o
/usr/bin/c++    -std=c++14 -o CMakeFiles/cmTC_0a6af.dir/CheckSymbolExists.cxx.o -c /root/gromacs-mo833a/build_release/CMakeFiles/CMakeTmp/CheckSymbolExists.cxx
/root/gromacs-mo833a/build_release/CMakeFiles/CMakeTmp/CheckSymbolExists.cxx: In function 'int main(int, char**)':
/root/gromacs-mo833a/build_release/CMakeFiles/CMakeTmp/CheckSymbolExists.cxx:8:19: error: '_fileno' was not declared in this scope; did you mean 'fileno'?
    8 |   return ((int*)(&_fileno))[argc];
      |                   ^~~~~~~
      |                   fileno
make[1]: *** [CMakeFiles/cmTC_0a6af.dir/build.make:66: CMakeFiles/cmTC_0a6af.dir/CheckSymbolExists.cxx.o] Error 1
make[1]: Leaving directory '/root/gromacs-mo833a/build_release/CMakeFiles/CMakeTmp'
make: *** [Makefile:121: cmTC_0a6af/fast] Error 2


File /root/gromacs-mo833a/build_release/CMakeFiles/CMakeTmp/CheckSymbolExists.cxx:
/* */
#include <stdio.h>

int main(int argc, char** argv)
{
  (void)argv;
#ifndef _fileno
  return ((int*)(&_fileno))[argc];
#else
  (void)argc;
  return 0;
#endif
}
Determining if the _commit exist failed with the following output:
Change Dir: /root/gromacs-mo833a/build_release/CMakeFiles/CMakeTmp

Run Build Command(s):/usr/bin/make cmTC_6b3b6/fast && /usr/bin/make -f CMakeFiles/cmTC_6b3b6.dir/build.make CMakeFiles/cmTC_6b3b6.dir/build
make[1]: Entering directory '/root/gromacs-mo833a/build_release/CMakeFiles/CMakeTmp'
Building CXX object CMakeFiles/cmTC_6b3b6.dir/CheckSymbolExists.cxx.o
/usr/bin/c++    -std=c++14 -o CMakeFiles/cmTC_6b3b6.dir/CheckSymbolExists.cxx.o -c /root/gromacs-mo833a/build_release/CMakeFiles/CMakeTmp/CheckSymbolExists.cxx
/root/gromacs-mo833a/build_release/CMakeFiles/CMakeTmp/CheckSymbolExists.cxx:2:10: fatal error: io.h: No such file or directory
    2 | #include <io.h>
      |          ^~~~~~
compilation terminated.
make[1]: *** [CMakeFiles/cmTC_6b3b6.dir/build.make:66: CMakeFiles/cmTC_6b3b6.dir/CheckSymbolExists.cxx.o] Error 1
make[1]: Leaving directory '/root/gromacs-mo833a/build_release/CMakeFiles/CMakeTmp'
make: *** [Makefile:121: cmTC_6b3b6/fast] Error 2


File /root/gromacs-mo833a/build_release/CMakeFiles/CMakeTmp/CheckSymbolExists.cxx:
/* */
#include <io.h>

int main(int argc, char** argv)
{
  (void)argv;
#ifndef _commit
  return ((int*)(&_commit))[argc];
#else
  (void)argc;
  return 0;
#endif
}
Determining if the memalign exist failed with the following output:
Change Dir: /root/gromacs-mo833a/build_release/CMakeFiles/CMakeTmp

Run Build Command(s):/usr/bin/make cmTC_a3268/fast && /usr/bin/make -f CMakeFiles/cmTC_a3268.dir/build.make CMakeFiles/cmTC_a3268.dir/build
make[1]: Entering directory '/root/gromacs-mo833a/build_release/CMakeFiles/CMakeTmp'
Building CXX object CMakeFiles/cmTC_a3268.dir/CheckSymbolExists.cxx.o
/usr/bin/c++    -std=c++14 -o CMakeFiles/cmTC_a3268.dir/CheckSymbolExists.cxx.o -c /root/gromacs-mo833a/build_release/CMakeFiles/CMakeTmp/CheckSymbolExists.cxx
/root/gromacs-mo833a/build_release/CMakeFiles/CMakeTmp/CheckSymbolExists.cxx: In function 'int main(int, char**)':
/root/gromacs-mo833a/build_release/CMakeFiles/CMakeTmp/CheckSymbolExists.cxx:8:19: error: 'memalign' was not declared in this scope
    8 |   return ((int*)(&memalign))[argc];
      |                   ^~~~~~~~
make[1]: *** [CMakeFiles/cmTC_a3268.dir/build.make:66: CMakeFiles/cmTC_a3268.dir/CheckSymbolExists.cxx.o] Error 1
make[1]: Leaving directory '/root/gromacs-mo833a/build_release/CMakeFiles/CMakeTmp'
make: *** [Makefile:121: cmTC_a3268/fast] Error 2


File /root/gromacs-mo833a/build_release/CMakeFiles/CMakeTmp/CheckSymbolExists.cxx:
/* */
#include <stdlib.h>

int main(int argc, char** argv)
{
  (void)argv;
#ifndef memalign
  return ((int*)(&memalign))[argc];
#else
  (void)argc;
  return 0;
#endif
}
Performing C SOURCE FILE Test CMAKE_HAVE_LIBC_PTHREAD failed with the following output:
Change Dir: /root/gromacs-mo833a/build_release/CMakeFiles/CMakeTmp

Run Build Command(s):/usr/bin/make cmTC_8d538/fast && /usr/bin/make -f CMakeFiles/cmTC_8d538.dir/build.make CMakeFiles/cmTC_8d538.dir/build
make[1]: Entering directory '/root/gromacs-mo833a/build_release/CMakeFiles/CMakeTmp'
Building C object CMakeFiles/cmTC_8d538.dir/src.c.o
/usr/bin/cc   -DCMAKE_HAVE_LIBC_PTHREAD   -o CMakeFiles/cmTC_8d538.dir/src.c.o   -c /root/gromacs-mo833a/build_release/CMakeFiles/CMakeTmp/src.c
Linking C executable cmTC_8d538
/usr/bin/cmake -E cmake_link_script CMakeFiles/cmTC_8d538.dir/link.txt --verbose=1
/usr/bin/cc  -DCMAKE_HAVE_LIBC_PTHREAD    CMakeFiles/cmTC_8d538.dir/src.c.o  -o cmTC_8d538 
/usr/bin/ld: CMakeFiles/cmTC_8d538.dir/src.c.o: in function `main':
src.c:(.text+0x46): undefined reference to `pthread_create'
/usr/bin/ld: src.c:(.text+0x52): undefined reference to `pthread_detach'
/usr/bin/ld: src.c:(.text+0x63): undefined reference to `pthread_join'
collect2: error: ld returned 1 exit status
make[1]: *** [CMakeFiles/cmTC_8d538.dir/build.make:87: cmTC_8d538] Error 1
make[1]: Leaving directory '/root/gromacs-mo833a/build_release/CMakeFiles/CMakeTmp'
make: *** [Makefile:121: cmTC_8d538/fast] Error 2


Source file was:
#include <pthread.h>

void* test_func(void* data)
{
  return data;
}

int main(void)
{
  pthread_t thread;
  pthread_create(&thread, NULL, test_func, NULL);
  pthread_detach(thread);
  pthread_join(thread, NULL);
  pthread_atfork(NULL, NULL, NULL);
  pthread_exit(NULL);

  return 0;
}

Determining if the function pthread_create exists in the pthreads failed with the following output:
Change Dir: /root/gromacs-mo833a/build_release/CMakeFiles/CMakeTmp

Run Build Command(s):/usr/bin/make cmTC_4983d/fast && /usr/bin/make -f CMakeFiles/cmTC_4983d.dir/build.make CMakeFiles/cmTC_4983d.dir/build
make[1]: Entering directory '/root/gromacs-mo833a/build_release/CMakeFiles/CMakeTmp'
Building C object CMakeFiles/cmTC_4983d.dir/CheckFunctionExists.c.o
/usr/bin/cc   -DCHECK_FUNCTION_EXISTS=pthread_create   -o CMakeFiles/cmTC_4983d.dir/CheckFunctionExists.c.o   -c /usr/share/cmake-3.16/Modules/CheckFunctionExists.c
Linking C executable cmTC_4983d
/usr/bin/cmake -E cmake_link_script CMakeFiles/cmTC_4983d.dir/link.txt --verbose=1
/usr/bin/cc  -DCHECK_FUNCTION_EXISTS=pthread_create    CMakeFiles/cmTC_4983d.dir/CheckFunctionExists.c.o  -o cmTC_4983d  -lpthreads 
/usr/bin/ld: cannot find -lpthreads
collect2: error: ld returned 1 exit status
make[1]: *** [CMakeFiles/cmTC_4983d.dir/build.make:87: cmTC_4983d] Error 1
make[1]: Leaving directory '/root/gromacs-mo833a/build_release/CMakeFiles/CMakeTmp'
make: *** [Makefile:121: cmTC_4983d/fast] Error 2



Performing C SOURCE FILE Test C_xCORE_AVX512_qopt_zmm_usage_high_FLAG_ACCEPTED failed with the following output:
Change Dir: /root/gromacs-mo833a/build_release/CMakeFiles/CMakeTmp

Run Build Command(s):/usr/bin/make cmTC_a2938/fast && /usr/bin/make -f CMakeFiles/cmTC_a2938.dir/build.make CMakeFiles/cmTC_a2938.dir/build
make[1]: Entering directory '/root/gromacs-mo833a/build_release/CMakeFiles/CMakeTmp'
Building C object CMakeFiles/cmTC_a2938.dir/src.c.o
/usr/bin/cc   -DC_xCORE_AVX512_qopt_zmm_usage_high_FLAG_ACCEPTED    -xCORE-AVX512 -qopt-zmm-usage=high -o CMakeFiles/cmTC_a2938.dir/src.c.o   -c /root/gromacs-mo833a/build_release/CMakeFiles/CMakeTmp/src.c
cc: error: unrecognized command line option '-qopt-zmm-usage=high'
make[1]: *** [CMakeFiles/cmTC_a2938.dir/build.make:66: CMakeFiles/cmTC_a2938.dir/src.c.o] Error 1
make[1]: Leaving directory '/root/gromacs-mo833a/build_release/CMakeFiles/CMakeTmp'
make: *** [Makefile:121: cmTC_a2938/fast] Error 2


Source file was:
int main(void) { return 0; }
Performing C SOURCE FILE Test C_xCORE_AVX512_FLAG_ACCEPTED failed with the following output:
Change Dir: /root/gromacs-mo833a/build_release/CMakeFiles/CMakeTmp

Run Build Command(s):/usr/bin/make cmTC_8a082/fast && /usr/bin/make -f CMakeFiles/cmTC_8a082.dir/build.make CMakeFiles/cmTC_8a082.dir/build
make[1]: Entering directory '/root/gromacs-mo833a/build_release/CMakeFiles/CMakeTmp'
Building C object CMakeFiles/cmTC_8a082.dir/src.c.o
/usr/bin/cc   -DC_xCORE_AVX512_FLAG_ACCEPTED    -xCORE-AVX512 -o CMakeFiles/cmTC_8a082.dir/src.c.o   -c /root/gromacs-mo833a/build_release/CMakeFiles/CMakeTmp/src.c
cc: error: language CORE-AVX512 not recognized
cc: error: language CORE-AVX512 not recognized
make[1]: *** [CMakeFiles/cmTC_8a082.dir/build.make:66: CMakeFiles/cmTC_8a082.dir/src.c.o] Error 1
make[1]: Leaving directory '/root/gromacs-mo833a/build_release/CMakeFiles/CMakeTmp'
make: *** [Makefile:121: cmTC_8a082/fast] Error 2


Source file was:
int main(void) { return 0; }
Performing C++ SOURCE FILE Test CXX_xCORE_AVX512_qopt_zmm_usage_high_FLAG_ACCEPTED failed with the following output:
Change Dir: /root/gromacs-mo833a/build_release/CMakeFiles/CMakeTmp

Run Build Command(s):/usr/bin/make cmTC_a3f71/fast && /usr/bin/make -f CMakeFiles/cmTC_a3f71.dir/build.make CMakeFiles/cmTC_a3f71.dir/build
make[1]: Entering directory '/root/gromacs-mo833a/build_release/CMakeFiles/CMakeTmp'
Building CXX object CMakeFiles/cmTC_a3f71.dir/src.cxx.o
/usr/bin/c++    -DCXX_xCORE_AVX512_qopt_zmm_usage_high_FLAG_ACCEPTED    -xCORE-AVX512 -qopt-zmm-usage=high -std=c++14 -o CMakeFiles/cmTC_a3f71.dir/src.cxx.o -c /root/gromacs-mo833a/build_release/CMakeFiles/CMakeTmp/src.cxx
c++: error: unrecognized command line option '-qopt-zmm-usage=high'
make[1]: *** [CMakeFiles/cmTC_a3f71.dir/build.make:66: CMakeFiles/cmTC_a3f71.dir/src.cxx.o] Error 1
make[1]: Leaving directory '/root/gromacs-mo833a/build_release/CMakeFiles/CMakeTmp'
make: *** [Makefile:121: cmTC_a3f71/fast] Error 2


Source file was:
int main() { return 0; }
Performing C++ SOURCE FILE Test CXX_xCORE_AVX512_FLAG_ACCEPTED failed with the following output:
Change Dir: /root/gromacs-mo833a/build_release/CMakeFiles/CMakeTmp

Run Build Command(s):/usr/bin/make cmTC_68463/fast && /usr/bin/make -f CMakeFiles/cmTC_68463.dir/build.make CMakeFiles/cmTC_68463.dir/build
make[1]: Entering directory '/root/gromacs-mo833a/build_release/CMakeFiles/CMakeTmp'
Building CXX object CMakeFiles/cmTC_68463.dir/src.cxx.o
/usr/bin/c++    -DCXX_xCORE_AVX512_FLAG_ACCEPTED    -xCORE-AVX512 -std=c++14 -o CMakeFiles/cmTC_68463.dir/src.cxx.o -c /root/gromacs-mo833a/build_release/CMakeFiles/CMakeTmp/src.cxx
c++: error: language CORE-AVX512 not recognized
c++: error: language CORE-AVX512 not recognized
make[1]: *** [CMakeFiles/cmTC_68463.dir/build.make:66: CMakeFiles/cmTC_68463.dir/src.cxx.o] Error 1
make[1]: Leaving directory '/root/gromacs-mo833a/build_release/CMakeFiles/CMakeTmp'
make: *** [Makefile:121: cmTC_68463/fast] Error 2


Source file was:
int main() { return 0; }
Performing C SOURCE FILE Test _callconv___vectorcall failed with the following output:
Change Dir: /root/gromacs-mo833a/build_release/CMakeFiles/CMakeTmp

Run Build Command(s):/usr/bin/make cmTC_48260/fast && /usr/bin/make -f CMakeFiles/cmTC_48260.dir/build.make CMakeFiles/cmTC_48260.dir/build
make[1]: Entering directory '/root/gromacs-mo833a/build_release/CMakeFiles/CMakeTmp'
Building C object CMakeFiles/cmTC_48260.dir/src.c.o
/usr/bin/cc   -D_callconv___vectorcall   -o CMakeFiles/cmTC_48260.dir/src.c.o   -c /root/gromacs-mo833a/build_release/CMakeFiles/CMakeTmp/src.c
/root/gromacs-mo833a/build_release/CMakeFiles/CMakeTmp/src.c:3:18: error: expected '=', ',', ';', 'asm' or '__attribute__' before 'f'
    3 | int __vectorcall f(int i) {return i;} int main(void) {return f(0);}
      |                  ^
/root/gromacs-mo833a/build_release/CMakeFiles/CMakeTmp/src.c: In function 'main':
/root/gromacs-mo833a/build_release/CMakeFiles/CMakeTmp/src.c:3:62: warning: implicit declaration of function 'f' [-Wimplicit-function-declaration]
    3 | int __vectorcall f(int i) {return i;} int main(void) {return f(0);}
      |                                                              ^
make[1]: *** [CMakeFiles/cmTC_48260.dir/build.make:66: CMakeFiles/cmTC_48260.dir/src.c.o] Error 1
make[1]: Leaving directory '/root/gromacs-mo833a/build_release/CMakeFiles/CMakeTmp'
make: *** [Makefile:121: cmTC_48260/fast] Error 2


Source file was:

#pragma GCC diagnostic error "-Wignored-attributes"
int __vectorcall f(int i) {return i;} int main(void) {return f(0);}

Performing C SOURCE FILE Test _callconv___regcall failed with the following output:
Change Dir: /root/gromacs-mo833a/build_release/CMakeFiles/CMakeTmp

Run Build Command(s):/usr/bin/make cmTC_8c177/fast && /usr/bin/make -f CMakeFiles/cmTC_8c177.dir/build.make CMakeFiles/cmTC_8c177.dir/build
make[1]: Entering directory '/root/gromacs-mo833a/build_release/CMakeFiles/CMakeTmp'
Building C object CMakeFiles/cmTC_8c177.dir/src.c.o
/usr/bin/cc   -D_callconv___regcall   -o CMakeFiles/cmTC_8c177.dir/src.c.o   -c /root/gromacs-mo833a/build_release/CMakeFiles/CMakeTmp/src.c
/root/gromacs-mo833a/build_release/CMakeFiles/CMakeTmp/src.c:3:15: error: expected '=', ',', ';', 'asm' or '__attribute__' before 'f'
    3 | int __regcall f(int i) {return i;} int main(void) {return f(0);}
      |               ^
/root/gromacs-mo833a/build_release/CMakeFiles/CMakeTmp/src.c: In function 'main':
/root/gromacs-mo833a/build_release/CMakeFiles/CMakeTmp/src.c:3:59: warning: implicit declaration of function 'f' [-Wimplicit-function-declaration]
    3 | int __regcall f(int i) {return i;} int main(void) {return f(0);}
      |                                                           ^
make[1]: *** [CMakeFiles/cmTC_8c177.dir/build.make:66: CMakeFiles/cmTC_8c177.dir/src.c.o] Error 1
make[1]: Leaving directory '/root/gromacs-mo833a/build_release/CMakeFiles/CMakeTmp'
make: *** [Makefile:121: cmTC_8c177/fast] Error 2


Source file was:

#pragma GCC diagnostic error "-Wignored-attributes"
int __regcall f(int i) {return i;} int main(void) {return f(0);}

Determining if the function sgemm_ exists failed with the following output:
Change Dir: /root/gromacs-mo833a/build_release/CMakeFiles/CMakeTmp

Run Build Command(s):/usr/bin/make cmTC_9aa0b/fast && /usr/bin/make -f CMakeFiles/cmTC_9aa0b.dir/build.make CMakeFiles/cmTC_9aa0b.dir/build
make[1]: Entering directory '/root/gromacs-mo833a/build_release/CMakeFiles/CMakeTmp'
Building C object CMakeFiles/cmTC_9aa0b.dir/CheckFunctionExists.c.o
/usr/bin/cc   -DCHECK_FUNCTION_EXISTS=sgemm_   -o CMakeFiles/cmTC_9aa0b.dir/CheckFunctionExists.c.o   -c /usr/share/cmake-3.16/Modules/CheckFunctionExists.c
Linking C executable cmTC_9aa0b
/usr/bin/cmake -E cmake_link_script CMakeFiles/cmTC_9aa0b.dir/link.txt --verbose=1
/usr/bin/cc  -DCHECK_FUNCTION_EXISTS=sgemm_    CMakeFiles/cmTC_9aa0b.dir/CheckFunctionExists.c.o  -o cmTC_9aa0b 
/usr/bin/ld: CMakeFiles/cmTC_9aa0b.dir/CheckFunctionExists.c.o: in function `main':
CheckFunctionExists.c:(.text+0x14): undefined reference to `sgemm_'
collect2: error: ld returned 1 exit status
make[1]: *** [CMakeFiles/cmTC_9aa0b.dir/build.make:87: cmTC_9aa0b] Error 1
make[1]: Leaving directory '/root/gromacs-mo833a/build_release/CMakeFiles/CMakeTmp'
make: *** [Makefile:121: cmTC_9aa0b/fast] Error 2



Performing C++ SOURCE FILE Test HAS_DECL_IN_SOURCE failed with the following output:
Change Dir: /root/gromacs-mo833a/build_release/CMakeFiles/CMakeTmp

Run Build Command(s):/usr/bin/make cmTC_0d228/fast && /usr/bin/make -f CMakeFiles/cmTC_0d228.dir/build.make CMakeFiles/cmTC_0d228.dir/build
make[1]: Entering directory '/root/gromacs-mo833a/build_release/CMakeFiles/CMakeTmp'
Building CXX object CMakeFiles/cmTC_0d228.dir/src.cxx.o
/usr/bin/c++    -DHAS_DECL_IN_SOURCE   -wd1419 -std=c++14 -o CMakeFiles/cmTC_0d228.dir/src.cxx.o -c /root/gromacs-mo833a/build_release/CMakeFiles/CMakeTmp/src.cxx
c++: error: unrecognized command line option '-wd1419'
make[1]: *** [CMakeFiles/cmTC_0d228.dir/build.make:66: CMakeFiles/cmTC_0d228.dir/src.cxx.o] Error 1
make[1]: Leaving directory '/root/gromacs-mo833a/build_release/CMakeFiles/CMakeTmp'
make: *** [Makefile:121: cmTC_0d228/fast] Error 2


Source file was:
int main() { return 0; }
